Using pre-set license
Built from '2021.3/staging' branch; Version is '2021.3.8f1 (b30333d56e81) revision 11731763'; Using compiler version '192829333'; Build Type 'Release'
OS: 'Windows 10  (10.0.19044) 64bit Core' Language: 'en' Physical Memory: 6091 MB
BatchMode: 1, IsHumanControllingUs: 0, StartBugReporterOnCrash: 0, Is64bit: 1, IsPro: 1

COMMAND LINE ARGUMENTS:
C:\Program Files\Unity\Hub\Editor\2021.3.8f1\Editor\Unity.exe
-adb2
-batchMode
-noUpm
-name
AssetImportWorker3
-projectPath
C:/GitHub/Game-Development-GROUP-PROJECT
-logFile
Logs/AssetImportWorker3.log
-srvPort
52693
Successfully changed project path to: C:/GitHub/Game-Development-GROUP-PROJECT
C:/GitHub/Game-Development-GROUP-PROJECT
[UnityMemory] Configuration Parameters - Can be set up in boot.config
    "memorysetup-bucket-allocator-granularity=16"
    "memorysetup-bucket-allocator-bucket-count=8"
    "memorysetup-bucket-allocator-block-size=33554432"
    "memorysetup-bucket-allocator-block-count=8"
    "memorysetup-main-allocator-block-size=16777216"
    "memorysetup-thread-allocator-block-size=16777216"
    "memorysetup-gfx-main-allocator-block-size=16777216"
    "memorysetup-gfx-thread-allocator-block-size=16777216"
    "memorysetup-cache-allocator-block-size=4194304"
    "memorysetup-typetree-allocator-block-size=2097152"
    "memorysetup-profiler-bucket-allocator-granularity=16"
    "memorysetup-profiler-bucket-allocator-bucket-count=8"
    "memorysetup-profiler-bucket-allocator-block-size=33554432"
    "memorysetup-profiler-bucket-allocator-block-count=8"
    "memorysetup-profiler-allocator-block-size=16777216"
    "memorysetup-profiler-editor-allocator-block-size=1048576"
    "memorysetup-temp-allocator-size-main=16777216"
    "memorysetup-job-temp-allocator-block-size=2097152"
    "memorysetup-job-temp-allocator-block-size-background=1048576"
    "memorysetup-job-temp-allocator-reduction-small-platforms=262144"
    "memorysetup-temp-allocator-size-background-worker=32768"
    "memorysetup-temp-allocator-size-job-worker=262144"
    "memorysetup-temp-allocator-size-preload-manager=33554432"
    "memorysetup-temp-allocator-size-nav-mesh-worker=65536"
    "memorysetup-temp-allocator-size-audio-worker=65536"
    "memorysetup-temp-allocator-size-cloud-worker=32768"
    "memorysetup-temp-allocator-size-gi-baking-worker=262144"
    "memorysetup-temp-allocator-size-gfx=262144"
Refreshing native plugins compatible for Editor in 120.34 ms, found 3 plugins.
Preloading 0 native plugins for Editor in 0.00 ms.
Initialize engine version: 2021.3.8f1 (b30333d56e81)
[Subsystems] Discovering subsystems at path C:/Program Files/Unity/Hub/Editor/2021.3.8f1/Editor/Data/Resources/UnitySubsystems
[Subsystems] Discovering subsystems at path C:/GitHub/Game-Development-GROUP-PROJECT/Assets
GfxDevice: creating device client; threaded=0; jobified=0
Direct3D:
    Version:  Direct3D 11.0 [level 11.1]
    Renderer: AMD Radeon(TM) Vega 8 Graphics (ID=0x15d8)
    Vendor:   ATI
    VRAM:     3045 MB
    Driver:   30.0.13022.3
Initialize mono
Mono path[0] = 'C:/Program Files/Unity/Hub/Editor/2021.3.8f1/Editor/Data/Managed'
Mono path[1] = 'C:/Program Files/Unity/Hub/Editor/2021.3.8f1/Editor/Data/MonoBleedingEdge/lib/mono/unityjit-win32'
Mono config path = 'C:/Program Files/Unity/Hub/Editor/2021.3.8f1/Editor/Data/MonoBleedingEdge/etc'
Using monoOptions --debugger-agent=transport=dt_socket,embedding=1,server=y,suspend=n,address=127.0.0.1:56632
Begin MonoManager ReloadAssembly
Registering precompiled unity dll's ...
Register platform support module: C:/Program Files/Unity/Hub/Editor/2021.3.8f1/Editor/Data/PlaybackEngines/AndroidPlayer/UnityEditor.Android.Extensions.dll
Register platform support module: C:/Program Files/Unity/Hub/Editor/2021.3.8f1/Editor/Data/PlaybackEngines/iOSSupport/UnityEditor.iOS.Extensions.dll
Register platform support module: C:/Program Files/Unity/Hub/Editor/2021.3.8f1/Editor/Data/PlaybackEngines/WindowsStandaloneSupport/UnityEditor.WindowsStandalone.Extensions.dll
Registered in 0.017705 seconds.
Native extension for WindowsStandalone target not found
[usbmuxd] Start listen thread
[usbmuxd] Listen thread started
[usbmuxd] Send listen message
Native extension for iOS target not found
Native extension for Android target not found
Refreshing native plugins compatible for Editor in 114.12 ms, found 3 plugins.
Preloading 0 native plugins for Editor in 0.00 ms.
Mono: successfully reloaded assembly
- Completed reload, in  1.034 seconds
Domain Reload Profiling:
	ReloadAssembly (1035ms)
		BeginReloadAssembly (116ms)
			ExecutionOrderSort (0ms)
			DisableScriptedObjects (0ms)
			BackupInstance (0ms)
			ReleaseScriptingObjects (0ms)
			CreateAndSetChildDomain (1ms)
		EndReloadAssembly (750ms)
			LoadAssemblies (114ms)
			RebuildTransferFunctionScriptingTraits (0ms)
			SetupTypeCache (165ms)
			ReleaseScriptCaches (0ms)
			RebuildScriptCaches (45ms)
			SetupLoadedEditorAssemblies (455ms)
				LogAssemblyErrors (0ms)
				InitializePlatformSupportModulesInManaged (100ms)
				SetLoadedEditorAssemblies (0ms)
				RefreshPlugins (114ms)
				BeforeProcessingInitializeOnLoad (2ms)
				ProcessInitializeOnLoadAttributes (171ms)
				ProcessInitializeOnLoadMethodAttributes (68ms)
				AfterProcessingInitializeOnLoad (0ms)
				EditorAssembliesLoaded (0ms)
			ExecutionOrderSort2 (0ms)
			AwakeInstancesAfterBackupRestoration (0ms)
Platform modules already initialized, skipping
Registering precompiled user dll's ...
Registered in 0.011694 seconds.
Begin MonoManager ReloadAssembly
Symbol file LoadedFromMemory doesn't match image C:\GitHub\Game-Development-GROUP-PROJECT\Library\PackageCache\com.unity.visualscripting@1.7.8\Editor\VisualScripting.Core\Dependencies\YamlDotNet\Unity.VisualScripting.YamlDotNet.dll
Symbol file LoadedFromMemory doesn't match image C:\GitHub\Game-Development-GROUP-PROJECT\Library\PackageCache\com.unity.visualscripting@1.7.8\Editor\VisualScripting.Core\Dependencies\DotNetZip\Unity.VisualScripting.IonicZip.dll
Native extension for WindowsStandalone target not found
Native extension for iOS target not found
Native extension for Android target not found
Refreshing native plugins compatible for Editor in 0.89 ms, found 3 plugins.
Preloading 0 native plugins for Editor in 0.00 ms.
Mono: successfully reloaded assembly
- Completed reload, in  6.132 seconds
Domain Reload Profiling:
	ReloadAssembly (6133ms)
		BeginReloadAssembly (182ms)
			ExecutionOrderSort (0ms)
			DisableScriptedObjects (8ms)
			BackupInstance (0ms)
			ReleaseScriptingObjects (0ms)
			CreateAndSetChildDomain (33ms)
		EndReloadAssembly (5761ms)
			LoadAssemblies (2865ms)
			RebuildTransferFunctionScriptingTraits (0ms)
			SetupTypeCache (1087ms)
			ReleaseScriptCaches (1ms)
			RebuildScriptCaches (81ms)
			SetupLoadedEditorAssemblies (1651ms)
				LogAssemblyErrors (0ms)
				InitializePlatformSupportModulesInManaged (44ms)
				SetLoadedEditorAssemblies (1ms)
				RefreshPlugins (1ms)
				BeforeProcessingInitializeOnLoad (150ms)
				ProcessInitializeOnLoadAttributes (496ms)
				ProcessInitializeOnLoadMethodAttributes (946ms)
				AfterProcessingInitializeOnLoad (13ms)
				EditorAssembliesLoaded (0ms)
			ExecutionOrderSort2 (0ms)
			AwakeInstancesAfterBackupRestoration (14ms)
Platform modules already initialized, skipping
========================================================================
Worker process is ready to serve import requests
Launched and connected shader compiler UnityShaderCompiler.exe after 0.08 seconds
Refreshing native plugins compatible for Editor in 1.06 ms, found 3 plugins.
Preloading 0 native plugins for Editor in 0.00 ms.
Unloading 3759 Unused Serialized files (Serialized files now loaded: 0)
Unloading 26 unused Assets / (93.1 KB). Loaded Objects now: 4222.
Memory consumption went from 134.1 MB to 134.0 MB.
Total: 6.840300 ms (FindLiveObjects: 0.629800 ms CreateObjectMapping: 0.255100 ms MarkObjects: 5.758000 ms  DeleteObjects: 0.195000 ms)

AssetImportParameters requested are different than current active one (requested -> active):
  custom:video-decoder-ogg-theora: a1e56fd34408186e4bbccfd4996cb3dc -> 
  custom:container-muxer-webm: aa71ff27fc2769a1b78a27578f13a17b -> 
  custom:container-demuxer-webm: 4f35f7cbe854078d1ac9338744f61a02 -> 
  custom:video-encoder-webm-vp8: eb34c28f22e8b96e1ab97ce403110664 -> 
  custom:audio-encoder-webm-vorbis: bf7c407c2cedff20999df2af8eb42d56 -> 
  custom:framework-win-MediaFoundation: 216162199b28c13a410421893ffa2e32 -> 
  custom:container-demuxer-ogg: 62fdf1f143b41e24485cea50d1cbac27 -> 
  custom:video-decoder-webm-vp8: 9c59270c3fd7afecdb556c50c9e8de78 -> 
  custom:audio-decoder-ogg-vorbis: bf7c407c2cedff20999df2af8eb42d56 -> 
========================================================================
Received Prepare
Registering precompiled user dll's ...
Registered in 0.011486 seconds.
Begin MonoManager ReloadAssembly
Symbol file LoadedFromMemory doesn't match image C:\GitHub\Game-Development-GROUP-PROJECT\Library\PackageCache\com.unity.visualscripting@1.7.8\Editor\VisualScripting.Core\Dependencies\YamlDotNet\Unity.VisualScripting.YamlDotNet.dll
Symbol file LoadedFromMemory doesn't match image C:\GitHub\Game-Development-GROUP-PROJECT\Library\PackageCache\com.unity.visualscripting@1.7.8\Editor\VisualScripting.Core\Dependencies\DotNetZip\Unity.VisualScripting.IonicZip.dll
Native extension for WindowsStandalone target not found
Native extension for iOS target not found
Native extension for Android target not found
Refreshing native plugins compatible for Editor in 3.50 ms, found 3 plugins.
Preloading 0 native plugins for Editor in 0.00 ms.
Mono: successfully reloaded assembly
- Completed reload, in  3.046 seconds
Domain Reload Profiling:
	ReloadAssembly (3049ms)
		BeginReloadAssembly (281ms)
			ExecutionOrderSort (0ms)
			DisableScriptedObjects (9ms)
			BackupInstance (0ms)
			ReleaseScriptingObjects (0ms)
			CreateAndSetChildDomain (75ms)
		EndReloadAssembly (2584ms)
			LoadAssemblies (191ms)
			RebuildTransferFunctionScriptingTraits (0ms)
			SetupTypeCache (518ms)
			ReleaseScriptCaches (4ms)
			RebuildScriptCaches (137ms)
			SetupLoadedEditorAssemblies (1473ms)
				LogAssemblyErrors (0ms)
				InitializePlatformSupportModulesInManaged (158ms)
				SetLoadedEditorAssemblies (9ms)
				RefreshPlugins (4ms)
				BeforeProcessingInitializeOnLoad (273ms)
				ProcessInitializeOnLoadAttributes (869ms)
				ProcessInitializeOnLoadMethodAttributes (130ms)
				AfterProcessingInitializeOnLoad (29ms)
				EditorAssembliesLoaded (1ms)
			ExecutionOrderSort2 (0ms)
			AwakeInstancesAfterBackupRestoration (26ms)
Platform modules already initialized, skipping
Refreshing native plugins compatible for Editor in 6.25 ms, found 3 plugins.
Preloading 0 native plugins for Editor in 0.00 ms.
Unloading 3733 Unused Serialized files (Serialized files now loaded: 0)
Unloading 19 unused Assets / (75.9 KB). Loaded Objects now: 4225.
Memory consumption went from 132.0 MB to 131.9 MB.
Total: 6.756200 ms (FindLiveObjects: 0.622000 ms CreateObjectMapping: 0.172400 ms MarkObjects: 5.769200 ms  DeleteObjects: 0.190600 ms)

AssetImportParameters requested are different than current active one (requested -> active):
  custom:video-decoder-ogg-theora: a1e56fd34408186e4bbccfd4996cb3dc -> 
  custom:container-muxer-webm: aa71ff27fc2769a1b78a27578f13a17b -> 
  custom:container-demuxer-webm: 4f35f7cbe854078d1ac9338744f61a02 -> 
  custom:video-encoder-webm-vp8: eb34c28f22e8b96e1ab97ce403110664 -> 
  custom:audio-encoder-webm-vorbis: bf7c407c2cedff20999df2af8eb42d56 -> 
  custom:framework-win-MediaFoundation: 216162199b28c13a410421893ffa2e32 -> 
  custom:container-demuxer-ogg: 62fdf1f143b41e24485cea50d1cbac27 -> 
  custom:video-decoder-webm-vp8: 9c59270c3fd7afecdb556c50c9e8de78 -> 
  custom:audio-decoder-ogg-vorbis: bf7c407c2cedff20999df2af8eb42d56 -> 
========================================================================
Received Import Request.
  Time since last request: 847081.090976 seconds.
  path: Assets/Particles/Sprites/muzzle_05.png
  artifactKey: Guid(c858639cf0acb9d4bbd59f106d17d3a9) Importer(815301076,1909f56bfc062723c751e8b465ee728b)
Start importing Assets/Particles/Sprites/muzzle_05.png using Guid(c858639cf0acb9d4bbd59f106d17d3a9) Importer(815301076,1909f56bfc062723c751e8b465ee728b)  -> (artifact id: '5a12e7c1025ae1bb908ff85c0a2ee337') in 0.200157 seconds 
========================================================================
Received Import Request.
  Time since last request: 0.000077 seconds.
  path: Assets/Particles/Sprites/smoke_09.png
  artifactKey: Guid(cf7fdca9da082544da280e9300a64370) Importer(815301076,1909f56bfc062723c751e8b465ee728b)
Start importing Assets/Particles/Sprites/smoke_09.png using Guid(cf7fdca9da082544da280e9300a64370) Importer(815301076,1909f56bfc062723c751e8b465ee728b)  -> (artifact id: '1f905ebdbc30c28b34bea3029d96f514') in 0.044352 seconds 
========================================================================
Received Import Request.
  Time since last request: 0.000052 seconds.
  path: Assets/Particles/Sprites/spark_06.png
  artifactKey: Guid(f17bc17706f187446adaff34b699e0aa) Importer(815301076,1909f56bfc062723c751e8b465ee728b)
Start importing Assets/Particles/Sprites/spark_06.png using Guid(f17bc17706f187446adaff34b699e0aa) Importer(815301076,1909f56bfc062723c751e8b465ee728b)  -> (artifact id: '8e126d8d0fed8aad3010248ec02b9850') in 0.040245 seconds 
========================================================================
Received Import Request.
  Time since last request: 0.000053 seconds.
  path: Assets/Particles/Sprites/star_02.png
  artifactKey: Guid(fb50e8e15080305449f113044196c636) Importer(815301076,1909f56bfc062723c751e8b465ee728b)
Start importing Assets/Particles/Sprites/star_02.png using Guid(fb50e8e15080305449f113044196c636) Importer(815301076,1909f56bfc062723c751e8b465ee728b)  -> (artifact id: '0957acb23dfbf07a42384f4a5504d0e7') in 0.037747 seconds 
========================================================================
Received Import Request.
  Time since last request: 0.000058 seconds.
  path: Assets/Particles/Sprites/spark_05.png
  artifactKey: Guid(3a53baaa19418e74096cfee2d8d2718e) Importer(815301076,1909f56bfc062723c751e8b465ee728b)
Start importing Assets/Particles/Sprites/spark_05.png using Guid(3a53baaa19418e74096cfee2d8d2718e) Importer(815301076,1909f56bfc062723c751e8b465ee728b)  -> (artifact id: 'd1be2d6e99a2f68710027b67c920b51d') in 0.042963 seconds 
========================================================================
Received Import Request.
  Time since last request: 0.000082 seconds.
  path: Assets/Particles/Sprites/scorch_02.png
  artifactKey: Guid(65c02e8c971753346b2f25d8cde6cb62) Importer(815301076,1909f56bfc062723c751e8b465ee728b)
Start importing Assets/Particles/Sprites/scorch_02.png using Guid(65c02e8c971753346b2f25d8cde6cb62) Importer(815301076,1909f56bfc062723c751e8b465ee728b)  -> (artifact id: '2688a2b9bc4579ec884c59fd20007796') in 0.047885 seconds 
========================================================================
Received Import Request.
  Time since last request: 0.000050 seconds.
  path: Assets/Particles/Sprites/scorch_01.png
  artifactKey: Guid(2888b9b27b8769349b0cc926c3d5998d) Importer(815301076,1909f56bfc062723c751e8b465ee728b)
Start importing Assets/Particles/Sprites/scorch_01.png using Guid(2888b9b27b8769349b0cc926c3d5998d) Importer(815301076,1909f56bfc062723c751e8b465ee728b)  -> (artifact id: '78752173654aeb1f32a5d95ac8d56454') in 0.042594 seconds 
========================================================================
Received Import Request.
  Time since last request: 0.000071 seconds.
  path: Assets/Particles/Sprites/star_01.png
  artifactKey: Guid(b02b66cc2d012094bb5577dd2e7cce0a) Importer(815301076,1909f56bfc062723c751e8b465ee728b)
Start importing Assets/Particles/Sprites/star_01.png using Guid(b02b66cc2d012094bb5577dd2e7cce0a) Importer(815301076,1909f56bfc062723c751e8b465ee728b)  -> (artifact id: '80f82dd948b67a8d49e369439838eafc') in 0.044291 seconds 
========================================================================
Received Import Request.
  Time since last request: 0.000303 seconds.
  path: Assets/Particles/Sprites/symbol_02.png
  artifactKey: Guid(116ea5b6c79433f41844cfeec1befd2c) Importer(815301076,1909f56bfc062723c751e8b465ee728b)
Start importing Assets/Particles/Sprites/symbol_02.png using Guid(116ea5b6c79433f41844cfeec1befd2c) Importer(815301076,1909f56bfc062723c751e8b465ee728b)  -> (artifact id: 'c2769356287c8ba36f77ee89e17b9879') in 0.041336 seconds 
========================================================================
Received Import Request.
  Time since last request: 0.000051 seconds.
  path: Assets/Particles/Sprites/slash_01.png
  artifactKey: Guid(602afc0e5be951b4d80d0371b3dbf681) Importer(815301076,1909f56bfc062723c751e8b465ee728b)
Start importing Assets/Particles/Sprites/slash_01.png using Guid(602afc0e5be951b4d80d0371b3dbf681) Importer(815301076,1909f56bfc062723c751e8b465ee728b)  -> (artifact id: '8d417e232292492ad35e67b564ba4715') in 0.043874 seconds 
========================================================================
Received Import Request.
  Time since last request: 0.000049 seconds.
  path: Assets/Particles/Sprites/trace_02.png
  artifactKey: Guid(541b54f33ab0c9d4faa2502817c1cdde) Importer(815301076,1909f56bfc062723c751e8b465ee728b)
Start importing Assets/Particles/Sprites/trace_02.png using Guid(541b54f33ab0c9d4faa2502817c1cdde) Importer(815301076,1909f56bfc062723c751e8b465ee728b)  -> (artifact id: '525190519880db59177deb2729d4e560') in 0.045436 seconds 
========================================================================
Received Import Request.
  Time since last request: 0.000054 seconds.
  path: Assets/Particles/Sprites/star_05.png
  artifactKey: Guid(2efaca6bb035e104f9f4fe685a208d72) Importer(815301076,1909f56bfc062723c751e8b465ee728b)
Start importing Assets/Particles/Sprites/star_05.png using Guid(2efaca6bb035e104f9f4fe685a208d72) Importer(815301076,1909f56bfc062723c751e8b465ee728b)  -> (artifact id: '91aa04d8fd13dece7614e5d342c2726a') in 0.045031 seconds 
========================================================================
Received Import Request.
  Time since last request: 0.000073 seconds.
  path: Assets/Particles/Sprites/trace_03.png
  artifactKey: Guid(bf3aa3d7b406ee141806895407a9ece4) Importer(815301076,1909f56bfc062723c751e8b465ee728b)
Start importing Assets/Particles/Sprites/trace_03.png using Guid(bf3aa3d7b406ee141806895407a9ece4) Importer(815301076,1909f56bfc062723c751e8b465ee728b)  -> (artifact id: 'b1dc20d438ab37157ac6ebbaabfaa4a1') in 0.042461 seconds 
========================================================================
Received Import Request.
  Time since last request: 9.140574 seconds.
  path: Assets/Particles/Sprites/trace_07.png
  artifactKey: Guid(58faf13c515b69b419d377326acdae20) Importer(815301076,1909f56bfc062723c751e8b465ee728b)
Start importing Assets/Particles/Sprites/trace_07.png using Guid(58faf13c515b69b419d377326acdae20) Importer(815301076,1909f56bfc062723c751e8b465ee728b)  -> (artifact id: 'bbe73942db4e404c54b699fb953fab1f') in 0.052210 seconds 
========================================================================
Received Import Request.
  Time since last request: 0.000046 seconds.
  path: Assets/Particles/Sprites/window_02.png
  artifactKey: Guid(20501901f9c6f064d9a2aac2f5aebb7e) Importer(815301076,1909f56bfc062723c751e8b465ee728b)
Start importing Assets/Particles/Sprites/window_02.png using Guid(20501901f9c6f064d9a2aac2f5aebb7e) Importer(815301076,1909f56bfc062723c751e8b465ee728b)  -> (artifact id: 'dfc3e8c10b18479f4b52765e2df6b827') in 0.058760 seconds 
========================================================================
Received Import Request.
  Time since last request: 0.000060 seconds.
  path: Assets/Particles/Sprites/window_04.png
  artifactKey: Guid(d0b9a3b24e7dc4b4aa47c6c2b87fb16a) Importer(815301076,1909f56bfc062723c751e8b465ee728b)
Start importing Assets/Particles/Sprites/window_04.png using Guid(d0b9a3b24e7dc4b4aa47c6c2b87fb16a) Importer(815301076,1909f56bfc062723c751e8b465ee728b)  -> (artifact id: '72db05462a050eb866e2ec4d911ffef1') in 0.045992 seconds 
========================================================================
Received Import Request.
  Time since last request: 3.481815 seconds.
  path: Assets/Particles/Sprites/flame_06.png
  artifactKey: Guid(8b48a5bd39f0f854c90f08fe158f2820) Importer(815301076,1909f56bfc062723c751e8b465ee728b)
Start importing Assets/Particles/Sprites/flame_06.png using Guid(8b48a5bd39f0f854c90f08fe158f2820) Importer(815301076,1909f56bfc062723c751e8b465ee728b)  -> (artifact id: '58aae842eeca6778e13036fdb47615e0') in 0.036396 seconds 
========================================================================
Received Import Request.
  Time since last request: 0.000126 seconds.
  path: Assets/Particles/Sprites/dirt_03.png
  artifactKey: Guid(4c808df78ff7c8549b6c469aba6bcc32) Importer(815301076,1909f56bfc062723c751e8b465ee728b)
Start importing Assets/Particles/Sprites/dirt_03.png using Guid(4c808df78ff7c8549b6c469aba6bcc32) Importer(815301076,1909f56bfc062723c751e8b465ee728b)  -> (artifact id: 'cb55dd9d777282b0faebc93259fde749') in 0.042813 seconds 
========================================================================
Received Import Request.
  Time since last request: 0.000055 seconds.
  path: Assets/Particles/Sprites/circle_05.png
  artifactKey: Guid(c883a3002e18b2942a062bb6eae19153) Importer(815301076,1909f56bfc062723c751e8b465ee728b)
Start importing Assets/Particles/Sprites/circle_05.png using Guid(c883a3002e18b2942a062bb6eae19153) Importer(815301076,1909f56bfc062723c751e8b465ee728b)  -> (artifact id: '40164e8a2d1d8821d8216816b7a7fde2') in 0.036303 seconds 
========================================================================
Received Import Request.
  Time since last request: 0.000084 seconds.
  path: Assets/Particles/Sprites/dirt_02.png
  artifactKey: Guid(7a4f685522fd4f14881f131355fdb027) Importer(815301076,1909f56bfc062723c751e8b465ee728b)
Start importing Assets/Particles/Sprites/dirt_02.png using Guid(7a4f685522fd4f14881f131355fdb027) Importer(815301076,1909f56bfc062723c751e8b465ee728b)  -> (artifact id: '9909d7fc53ef6006d6d0a64b3d13594c') in 0.035251 seconds 
========================================================================
Received Import Request.
  Time since last request: 0.000077 seconds.
  path: Assets/Particles/Sprites/muzzle_01.png
  artifactKey: Guid(09ea7e418ba18b740b08ffa960d43577) Importer(815301076,1909f56bfc062723c751e8b465ee728b)
Start importing Assets/Particles/Sprites/muzzle_01.png using Guid(09ea7e418ba18b740b08ffa960d43577) Importer(815301076,1909f56bfc062723c751e8b465ee728b)  -> (artifact id: 'e7221c0dce37103bee512189efe07903') in 0.040750 seconds 
========================================================================
Received Import Request.
  Time since last request: 0.000060 seconds.
  path: Assets/Particles/Sprites/circle_02.png
  artifactKey: Guid(4e6dbbe8c4ed483409262f419cb1c3de) Importer(815301076,1909f56bfc062723c751e8b465ee728b)
Start importing Assets/Particles/Sprites/circle_02.png using Guid(4e6dbbe8c4ed483409262f419cb1c3de) Importer(815301076,1909f56bfc062723c751e8b465ee728b)  -> (artifact id: 'b8cc9cb09b1d3ae83a18e979712a8db6') in 0.043440 seconds 
========================================================================
Received Import Request.
  Time since last request: 0.000046 seconds.
  path: Assets/Particles/Sprites/flame_03.png
  artifactKey: Guid(a2f56c29fcf86194c8b248e7e1fabe42) Importer(815301076,1909f56bfc062723c751e8b465ee728b)
Start importing Assets/Particles/Sprites/flame_03.png using Guid(a2f56c29fcf86194c8b248e7e1fabe42) Importer(815301076,1909f56bfc062723c751e8b465ee728b)  -> (artifact id: '40502112a66d858370c9cde04f550ce5') in 0.038920 seconds 
========================================================================
Received Import Request.
  Time since last request: 0.000044 seconds.
  path: Assets/Particles/Sprites/flame_01.png
  artifactKey: Guid(df3b5499918ecd943bd763d7579d9a65) Importer(815301076,1909f56bfc062723c751e8b465ee728b)
Start importing Assets/Particles/Sprites/flame_01.png using Guid(df3b5499918ecd943bd763d7579d9a65) Importer(815301076,1909f56bfc062723c751e8b465ee728b)  -> (artifact id: '473b1eb1492b2af0bf78f397b40859cc') in 0.034674 seconds 
========================================================================
Received Import Request.
  Time since last request: 0.000059 seconds.
  path: Assets/Particles/Sprites/magic_04.png
  artifactKey: Guid(b51229c976aaaf848b73bee2bce7d3d5) Importer(815301076,1909f56bfc062723c751e8b465ee728b)
Start importing Assets/Particles/Sprites/magic_04.png using Guid(b51229c976aaaf848b73bee2bce7d3d5) Importer(815301076,1909f56bfc062723c751e8b465ee728b)  -> (artifact id: 'b9b6b9eacc6128cae5a6d19ea361bc00') in 0.045191 seconds 
========================================================================
Received Import Request.
  Time since last request: 0.000044 seconds.
  path: Assets/Particles/Sprites/circle_04.png
  artifactKey: Guid(c8369cfef54ed9341b43ec2d62dbc07b) Importer(815301076,1909f56bfc062723c751e8b465ee728b)
Start importing Assets/Particles/Sprites/circle_04.png using Guid(c8369cfef54ed9341b43ec2d62dbc07b) Importer(815301076,1909f56bfc062723c751e8b465ee728b)  -> (artifact id: '795a53ec9dc03ce494096ed35a73bfe6') in 0.033302 seconds 
========================================================================
Received Prepare
Registering precompiled user dll's ...
Registered in 0.012299 seconds.
Begin MonoManager ReloadAssembly
Symbol file LoadedFromMemory doesn't match image C:\GitHub\Game-Development-GROUP-PROJECT\Library\PackageCache\com.unity.visualscripting@1.7.8\Editor\VisualScripting.Core\Dependencies\YamlDotNet\Unity.VisualScripting.YamlDotNet.dll
Symbol file LoadedFromMemory doesn't match image C:\GitHub\Game-Development-GROUP-PROJECT\Library\PackageCache\com.unity.visualscripting@1.7.8\Editor\VisualScripting.Core\Dependencies\DotNetZip\Unity.VisualScripting.IonicZip.dll
Native extension for WindowsStandalone target not found
Native extension for iOS target not found
Native extension for Android target not found
Refreshing native plugins compatible for Editor in 2.50 ms, found 3 plugins.
Preloading 0 native plugins for Editor in 0.00 ms.
Mono: successfully reloaded assembly
- Completed reload, in  2.393 seconds
Domain Reload Profiling:
	ReloadAssembly (2394ms)
		BeginReloadAssembly (233ms)
			ExecutionOrderSort (0ms)
			DisableScriptedObjects (9ms)
			BackupInstance (0ms)
			ReleaseScriptingObjects (0ms)
			CreateAndSetChildDomain (59ms)
		EndReloadAssembly (1927ms)
			LoadAssemblies (209ms)
			RebuildTransferFunctionScriptingTraits (0ms)
			SetupTypeCache (623ms)
			ReleaseScriptCaches (4ms)
			RebuildScriptCaches (109ms)
			SetupLoadedEditorAssemblies (843ms)
				LogAssemblyErrors (0ms)
				InitializePlatformSupportModulesInManaged (85ms)
				SetLoadedEditorAssemblies (1ms)
				RefreshPlugins (3ms)
				BeforeProcessingInitializeOnLoad (157ms)
				ProcessInitializeOnLoadAttributes (507ms)
				ProcessInitializeOnLoadMethodAttributes (72ms)
				AfterProcessingInitializeOnLoad (19ms)
				EditorAssembliesLoaded (0ms)
			ExecutionOrderSort2 (0ms)
			AwakeInstancesAfterBackupRestoration (16ms)
Platform modules already initialized, skipping
Refreshing native plugins compatible for Editor in 5.34 ms, found 3 plugins.
Preloading 0 native plugins for Editor in 0.00 ms.
Unloading 3733 Unused Serialized files (Serialized files now loaded: 0)
Unloading 19 unused Assets / (60.9 KB). Loaded Objects now: 4231.
Memory consumption went from 132.1 MB to 132.0 MB.
Total: 9.386000 ms (FindLiveObjects: 1.142300 ms CreateObjectMapping: 0.923800 ms MarkObjects: 7.081600 ms  DeleteObjects: 0.233400 ms)

AssetImportParameters requested are different than current active one (requested -> active):
  custom:video-decoder-ogg-theora: a1e56fd34408186e4bbccfd4996cb3dc -> 
  custom:container-muxer-webm: aa71ff27fc2769a1b78a27578f13a17b -> 
  custom:container-demuxer-webm: 4f35f7cbe854078d1ac9338744f61a02 -> 
  custom:video-encoder-webm-vp8: eb34c28f22e8b96e1ab97ce403110664 -> 
  custom:audio-encoder-webm-vorbis: bf7c407c2cedff20999df2af8eb42d56 -> 
  custom:framework-win-MediaFoundation: 216162199b28c13a410421893ffa2e32 -> 
  custom:container-demuxer-ogg: 62fdf1f143b41e24485cea50d1cbac27 -> 
  custom:video-decoder-webm-vp8: 9c59270c3fd7afecdb556c50c9e8de78 -> 
  custom:audio-decoder-ogg-vorbis: bf7c407c2cedff20999df2af8eb42d56 -> 
========================================================================
Received Prepare
Registering precompiled user dll's ...
Registered in 0.009851 seconds.
Begin MonoManager ReloadAssembly
Symbol file LoadedFromMemory doesn't match image C:\GitHub\Game-Development-GROUP-PROJECT\Library\PackageCache\com.unity.visualscripting@1.7.8\Editor\VisualScripting.Core\Dependencies\YamlDotNet\Unity.VisualScripting.YamlDotNet.dll
Symbol file LoadedFromMemory doesn't match image C:\GitHub\Game-Development-GROUP-PROJECT\Library\PackageCache\com.unity.visualscripting@1.7.8\Editor\VisualScripting.Core\Dependencies\DotNetZip\Unity.VisualScripting.IonicZip.dll
Native extension for WindowsStandalone target not found
Native extension for iOS target not found
Native extension for Android target not found
Refreshing native plugins compatible for Editor in 1.81 ms, found 3 plugins.
Preloading 0 native plugins for Editor in 0.00 ms.
Mono: successfully reloaded assembly
- Completed reload, in  2.258 seconds
Domain Reload Profiling:
	ReloadAssembly (2260ms)
		BeginReloadAssembly (230ms)
			ExecutionOrderSort (0ms)
			DisableScriptedObjects (8ms)
			BackupInstance (0ms)
			ReleaseScriptingObjects (0ms)
			CreateAndSetChildDomain (66ms)
		EndReloadAssembly (1843ms)
			LoadAssemblies (147ms)
			RebuildTransferFunctionScriptingTraits (0ms)
			SetupTypeCache (523ms)
			ReleaseScriptCaches (2ms)
			RebuildScriptCaches (122ms)
			SetupLoadedEditorAssemblies (885ms)
				LogAssemblyErrors (0ms)
				InitializePlatformSupportModulesInManaged (88ms)
				SetLoadedEditorAssemblies (1ms)
				RefreshPlugins (2ms)
				BeforeProcessingInitializeOnLoad (154ms)
				ProcessInitializeOnLoadAttributes (538ms)
				ProcessInitializeOnLoadMethodAttributes (83ms)
				AfterProcessingInitializeOnLoad (19ms)
				EditorAssembliesLoaded (0ms)
			ExecutionOrderSort2 (0ms)
			AwakeInstancesAfterBackupRestoration (16ms)
Platform modules already initialized, skipping
Refreshing native plugins compatible for Editor in 8.16 ms, found 3 plugins.
Preloading 0 native plugins for Editor in 0.00 ms.
Unloading 3733 Unused Serialized files (Serialized files now loaded: 0)
Unloading 19 unused Assets / (75.8 KB). Loaded Objects now: 4234.
Memory consumption went from 132.1 MB to 132.0 MB.
Total: 11.738200 ms (FindLiveObjects: 1.139800 ms CreateObjectMapping: 0.418200 ms MarkObjects: 9.846300 ms  DeleteObjects: 0.329900 ms)

AssetImportParameters requested are different than current active one (requested -> active):
  custom:video-decoder-ogg-theora: a1e56fd34408186e4bbccfd4996cb3dc -> 
  custom:container-muxer-webm: aa71ff27fc2769a1b78a27578f13a17b -> 
  custom:container-demuxer-webm: 4f35f7cbe854078d1ac9338744f61a02 -> 
  custom:video-encoder-webm-vp8: eb34c28f22e8b96e1ab97ce403110664 -> 
  custom:audio-encoder-webm-vorbis: bf7c407c2cedff20999df2af8eb42d56 -> 
  custom:framework-win-MediaFoundation: 216162199b28c13a410421893ffa2e32 -> 
  custom:container-demuxer-ogg: 62fdf1f143b41e24485cea50d1cbac27 -> 
  custom:video-decoder-webm-vp8: 9c59270c3fd7afecdb556c50c9e8de78 -> 
  custom:audio-decoder-ogg-vorbis: bf7c407c2cedff20999df2af8eb42d56 -> 
========================================================================
Received Import Request.
  Time since last request: 400.370134 seconds.
  path: Assets/Particles/Materials/Heart.mat
  artifactKey: Guid(568cf9212ba41ca4781ab0e8ff5670cf) Importer(815301076,1909f56bfc062723c751e8b465ee728b)
Start importing Assets/Particles/Materials/Heart.mat using Guid(568cf9212ba41ca4781ab0e8ff5670cf) Importer(815301076,1909f56bfc062723c751e8b465ee728b)  -> (artifact id: '802e2a61998f1b24d3ceabb859f6032b') in 0.197240 seconds 
========================================================================
Received Import Request.
  Time since last request: 144.507224 seconds.
  path: Assets/Particles/Sprites/Rotated/flame_06_rotated.png
  artifactKey: Guid(087a0d6904588654d8c80e86f5622000) Importer(815301076,1909f56bfc062723c751e8b465ee728b)
Start importing Assets/Particles/Sprites/Rotated/flame_06_rotated.png using Guid(087a0d6904588654d8c80e86f5622000) Importer(815301076,1909f56bfc062723c751e8b465ee728b)  -> (artifact id: '600a310f32e9aa10b7cdc74a06d2dac9') in 0.079713 seconds 
========================================================================
Received Import Request.
  Time since last request: 0.000064 seconds.
  path: Assets/Particles/Sprites/Rotated/muzzle_03_rotated.png
  artifactKey: Guid(3241dbcd9ba39a34cb48c18ab73f395e) Importer(815301076,1909f56bfc062723c751e8b465ee728b)
Start importing Assets/Particles/Sprites/Rotated/muzzle_03_rotated.png using Guid(3241dbcd9ba39a34cb48c18ab73f395e) Importer(815301076,1909f56bfc062723c751e8b465ee728b)  -> (artifact id: '97602d2f71f45f44abdbddc55ad2b062') in 0.057437 seconds 
========================================================================
Received Import Request.
  Time since last request: 0.000057 seconds.
  path: Assets/Particles/Sprites/Rotated/trace_05_rotated.png
  artifactKey: Guid(293687e74e42b7a49b8bf4e5a10eb40e) Importer(815301076,1909f56bfc062723c751e8b465ee728b)
Start importing Assets/Particles/Sprites/Rotated/trace_05_rotated.png using Guid(293687e74e42b7a49b8bf4e5a10eb40e) Importer(815301076,1909f56bfc062723c751e8b465ee728b)  -> (artifact id: '5400f1d6139b28fd416a002751a61c87') in 0.039590 seconds 
========================================================================
Received Import Request.
  Time since last request: 0.000038 seconds.
  path: Assets/Particles/Sprites/Rotated/muzzle_04_rotated.png
  artifactKey: Guid(59bd8ab263f3a9b4f8edc0c20d7a8139) Importer(815301076,1909f56bfc062723c751e8b465ee728b)
Start importing Assets/Particles/Sprites/Rotated/muzzle_04_rotated.png using Guid(59bd8ab263f3a9b4f8edc0c20d7a8139) Importer(815301076,1909f56bfc062723c751e8b465ee728b)  -> (artifact id: 'c999b47e2ac7daf01a22780059fb34bd') in 0.041362 seconds 
========================================================================
Received Import Request.
  Time since last request: 0.000036 seconds.
  path: Assets/Particles/Sprites/Rotated/spark_06_rotated.png
  artifactKey: Guid(e74d6e366ce41814ca25c780aa09f96f) Importer(815301076,1909f56bfc062723c751e8b465ee728b)
Start importing Assets/Particles/Sprites/Rotated/spark_06_rotated.png using Guid(e74d6e366ce41814ca25c780aa09f96f) Importer(815301076,1909f56bfc062723c751e8b465ee728b)  -> (artifact id: '6c9249dd0f7b5a23f76ba4249f3a7fc4') in 0.040803 seconds 
========================================================================
Received Import Request.
  Time since last request: 0.000075 seconds.
  path: Assets/Particles/Sprites/Rotated/trace_02_rotated.png
  artifactKey: Guid(b1274fe6f8c887e4bb5af8affbc240e0) Importer(815301076,1909f56bfc062723c751e8b465ee728b)
Start importing Assets/Particles/Sprites/Rotated/trace_02_rotated.png using Guid(b1274fe6f8c887e4bb5af8affbc240e0) Importer(815301076,1909f56bfc062723c751e8b465ee728b)  -> (artifact id: 'c584c8796bacca28307b84fc49d97cfa') in 0.034503 seconds 
========================================================================
Received Import Request.
  Time since last request: 0.000046 seconds.
  path: Assets/Particles/Sprites/Rotated/muzzle_02_rotated.png
  artifactKey: Guid(4a07fe369c7a95e47ba431b7f69009d0) Importer(815301076,1909f56bfc062723c751e8b465ee728b)
Start importing Assets/Particles/Sprites/Rotated/muzzle_02_rotated.png using Guid(4a07fe369c7a95e47ba431b7f69009d0) Importer(815301076,1909f56bfc062723c751e8b465ee728b)  -> (artifact id: '09d7af8751209d781a99ea25b524e0e9') in 0.052553 seconds 
========================================================================
Received Import Request.
  Time since last request: 0.000065 seconds.
  path: Assets/Particles/Sprites/Rotated/trace_06_rotated.png
  artifactKey: Guid(80bb4f0af22409f42b1b1f58ec44106b) Importer(815301076,1909f56bfc062723c751e8b465ee728b)
Start importing Assets/Particles/Sprites/Rotated/trace_06_rotated.png using Guid(80bb4f0af22409f42b1b1f58ec44106b) Importer(815301076,1909f56bfc062723c751e8b465ee728b)  -> (artifact id: 'e794b937977b2782184526a9c3887802') in 0.042367 seconds 
========================================================================
Received Import Request.
  Time since last request: 182.866838 seconds.
  path: Assets/Particles/Prefabs/Fire.prefab
  artifactKey: Guid(53ebac442b16db64f9177d0c749cbb06) Importer(815301076,1909f56bfc062723c751e8b465ee728b)
Start importing Assets/Particles/Prefabs/Fire.prefab using Guid(53ebac442b16db64f9177d0c749cbb06) Importer(815301076,1909f56bfc062723c751e8b465ee728b)  -> (artifact id: '814243d33e68502381eaa7323a04c564') in 0.098798 seconds 
========================================================================
Received Import Request.
  Time since last request: 0.000104 seconds.
  path: Assets/Particles/Prefabs/Hearts.prefab
  artifactKey: Guid(4fad053d6ff9ef742ae1f144a674382a) Importer(815301076,1909f56bfc062723c751e8b465ee728b)
Start importing Assets/Particles/Prefabs/Hearts.prefab using Guid(4fad053d6ff9ef742ae1f144a674382a) Importer(815301076,1909f56bfc062723c751e8b465ee728b)  -> (artifact id: 'b52b5e884ff6e28e5136dbe52ecf5a87') in 0.042920 seconds 
========================================================================
Received Import Request.
  Time since last request: 0.000067 seconds.
  path: Assets/Particles/Prefabs/Smoke.prefab
  artifactKey: Guid(a9726ee302999a84ea27e4657abb703f) Importer(815301076,1909f56bfc062723c751e8b465ee728b)
Start importing Assets/Particles/Prefabs/Smoke.prefab using Guid(a9726ee302999a84ea27e4657abb703f) Importer(815301076,1909f56bfc062723c751e8b465ee728b)  -> (artifact id: 'd321d9e4e00e1abeabfbfb064fbf6650') in 0.033991 seconds 
========================================================================
Received Import Request.
  Time since last request: 0.000048 seconds.
  path: Assets/Particles/Prefabs/Magic.prefab
  artifactKey: Guid(3640199bf9dc32f4da57c37d57581f57) Importer(815301076,1909f56bfc062723c751e8b465ee728b)
Start importing Assets/Particles/Prefabs/Magic.prefab using Guid(3640199bf9dc32f4da57c37d57581f57) Importer(815301076,1909f56bfc062723c751e8b465ee728b)  -> (artifact id: 'c19e7ee0e891b320a142683266710fa1') in 0.052472 seconds 
Editor requested this worker to shutdown with reason: Scaling down because of idle timeout
AssetImportWorker is now disconnected from the server
Process exiting
Exiting without the bug reporter. Application will terminate with return code 0